<?xml version="1.0" encoding="UTF-8"?>
<!-- Generated by org.testng.reporters.JUnitReportReporter -->
<testsuite hostname="nimisha" failures="0" tests="1" name="Testng.Parameterisation" time="0.013" errors="0" timestamp="2024-02-20T09:57:25 IST" skipped="0">
  <testcase classname="Testng.Parameterisation" name="test" time="0.013"/>
  <system-out/>
</testsuite> <!-- Testng.Parameterisation -->
