<?xml version="1.0" encoding="UTF-8"?>
<!-- Generated by org.testng.reporters.JUnitReportReporter -->
<testsuite hostname="nimisha" failures="0" tests="1" name="testpkg.Createpagetest" time="2.290" errors="0" timestamp="2024-03-06T10:51:12 IST" skipped="0">
  <testcase classname="testpkg.Createpagetest" name="signup" time="2.290"/>
  <system-out/>
</testsuite> <!-- testpkg.Createpagetest -->
