<?xml version="1.0" encoding="UTF-8"?>
<!-- Generated by org.testng.reporters.JUnitReportReporter -->
<testsuite hostname="nimisha" failures="0" tests="1" name="Testng.Amazonpgm" time="105.080" errors="0" timestamp="2024-02-27T22:22:03 IST" skipped="0">
  <testcase classname="Testng.Amazonpgm" name="amazontest" time="105.080"/>
  <system-out/>
</testsuite> <!-- Testng.Amazonpgm -->
