<?xml version="1.0" encoding="UTF-8"?>
<!-- Generated by org.testng.reporters.JUnitReportReporter -->
<testsuite hostname="nimisha" failures="0" tests="1" name="Testng.Copypaste" time="0.699" errors="0" timestamp="2024-02-21T09:49:56 IST" skipped="0">
  <testcase classname="Testng.Copypaste" name="copypaste" time="0.699"/>
  <system-out/>
</testsuite> <!-- Testng.Copypaste -->
