<?xml version="1.0" encoding="UTF-8"?>
<!-- Generated by org.testng.reporters.JUnitReportReporter -->
<testsuite hostname="nimisha" failures="0" tests="1" name="junitpkg.Linkvalidation" time="0.916" errors="0" timestamp="2024-02-25T00:39:49 IST" skipped="0">
  <testcase classname="junitpkg.Linkvalidation" name="test" time="0.916"/>
  <system-out/>
</testsuite> <!-- junitpkg.Linkvalidation -->
