<?xml version="1.0" encoding="UTF-8"?>
<!-- Generated by org.testng.reporters.JUnitReportReporter -->
<testsuite hostname="nimisha" failures="0" tests="1" name="Testng.Daypicker" time="10.167" errors="0" timestamp="2024-03-04T19:12:29 IST" skipped="0">
  <testcase classname="Testng.Daypicker" name="pickdate" time="10.167"/>
  <system-out/>
</testsuite> <!-- Testng.Daypicker -->
