<?xml version="1.0" encoding="UTF-8"?>
<!-- Generated by org.testng.reporters.JUnitReportReporter -->
<testsuite hostname="nimisha" failures="0" tests="1" name="Testng.Popupdisable" time="25.763" errors="0" timestamp="2024-02-28T10:50:45 IST" skipped="0">
  <testcase classname="Testng.Popupdisable" name="test" time="25.763"/>
  <system-out/>
</testsuite> <!-- Testng.Popupdisable -->
