<?xml version="1.0" encoding="UTF-8"?>
<!-- Generated by org.testng.reporters.JUnitReportReporter -->
<testsuite hostname="nimisha" failures="0" tests="1" name="testpkg.Fblogintest" time="0.391" errors="0" timestamp="2024-03-06T10:15:52 IST" skipped="0">
  <testcase classname="testpkg.Fblogintest" name="testlogin" time="0.391"/>
  <system-out/>
</testsuite> <!-- testpkg.Fblogintest -->
