<?xml version="1.0" encoding="UTF-8"?>
<!-- Generated by org.testng.reporters.JUnitReportReporter -->
<testsuite hostname="nimisha" failures="0" tests="1" name="Testng.Windowhandler" time="9.149" errors="0" timestamp="2024-02-27T09:59:37 IST" skipped="0">
  <testcase classname="Testng.Windowhandler" name="test" time="9.149"/>
  <system-out/>
</testsuite> <!-- Testng.Windowhandler -->
