<?xml version="1.0" encoding="UTF-8"?>
<!-- Generated by org.testng.reporters.JUnitReportReporter -->
<testsuite hostname="nimisha" failures="0" tests="1" name="Testng.Fbtestng" time="0.231" errors="0" timestamp="2024-02-20T10:47:49 IST" skipped="0">
  <testcase classname="Testng.Fbtestng" name="fblogin" time="0.231"/>
  <system-out/>
</testsuite> <!-- Testng.Fbtestng -->
