<?xml version="1.0" encoding="UTF-8"?>
<!-- Generated by org.testng.reporters.JUnitReportReporter -->
<testsuite hostname="nimisha" failures="0" tests="1" name="Testng.Urltest" time="0.331" errors="0" timestamp="2024-02-27T09:29:21 IST" skipped="0">
  <testcase classname="Testng.Urltest" name="signup" time="0.331"/>
  <system-out/>
</testsuite> <!-- Testng.Urltest -->
