<?xml version="1.0" encoding="UTF-8"?>
<!-- Generated by org.testng.reporters.JUnitReportReporter -->
<testsuite hostname="nimisha" failures="0" tests="1" name="Testng.Ebaymouseover" time="5.183" errors="0" timestamp="2024-02-28T10:04:26 IST" skipped="0">
  <testcase classname="Testng.Ebaymouseover" name="ebay" time="5.183"/>
  <system-out/>
</testsuite> <!-- Testng.Ebaymouseover -->
