<?xml version="1.0" encoding="UTF-8"?>
<!-- Generated by org.testng.reporters.JUnitReportReporter -->
<testsuite hostname="nimisha" failures="0" tests="1" name="Testng.Fileuploadrobot" time="5.228" errors="0" timestamp="2024-02-23T09:52:07 IST" skipped="0">
  <testcase classname="Testng.Fileuploadrobot" name="fileuploadpgm" time="5.228"/>
  <system-out/>
</testsuite> <!-- Testng.Fileuploadrobot -->
