<?xml version="1.0" encoding="UTF-8"?>
<!-- Generated by org.testng.reporters.JUnitReportReporter -->
<testsuite hostname="nimisha" failures="0" tests="1" name="Testng.Amazonscrolldown" time="6.593" errors="0" timestamp="2024-02-28T10:36:46 IST" skipped="0">
  <testcase classname="Testng.Amazonscrolldown" name="scrolldown" time="6.593"/>
  <system-out/>
</testsuite> <!-- Testng.Amazonscrolldown -->
