<?xml version="1.0" encoding="UTF-8"?>
<!-- Generated by org.testng.reporters.JUnitReportReporter -->
<testsuite hostname="nimisha" failures="0" tests="1" name="Testng.Trivago" time="6.607" errors="0" timestamp="2024-03-04T19:59:01 IST" skipped="0">
  <testcase classname="Testng.Trivago" name="pickdates" time="6.607"/>
  <system-out/>
</testsuite> <!-- Testng.Trivago -->
