<?xml version="1.0" encoding="UTF-8"?>
<!-- Generated by org.testng.reporters.JUnitReportReporter -->
<testsuite hostname="nimisha" failures="0" tests="1" name="Testng.Fileupload" time="0.122" errors="0" timestamp="2024-02-23T19:19:05 IST" skipped="0">
  <testcase classname="Testng.Fileupload" name="upload" time="0.122"/>
  <system-out/>
</testsuite> <!-- Testng.Fileupload -->
